Not searching for unused variables given on the command line.
CMake Warning (dev) at CMakeLists.txt:2 (project):
  Policy CMP0048 is not set: project() command manages VERSION variables.
  Run "cmake --help-policy CMP0048" for policy details.  Use the cmake_policy
  command to set the policy and suppress this warning.

  The following variable(s) would be set to empty:

    CMAKE_PROJECT_VERSION
    CMAKE_PROJECT_VERSION_MAJOR
    CMAKE_PROJECT_VERSION_MINOR
    CMAKE_PROJECT_VERSION_PATCH
This warning is for project developers.  Use -Wno-dev to suppress it.

[36m--[0m Using CATKIN_DEVEL_PREFIX: /root/catkin_ws/devel/.private/mavros
[36m--[0m Using CMAKE_PREFIX_PATH: /root/catkin_ws/devel;/opt/ros/noetic
[36m--[0m This workspace overlays: /root/catkin_ws/devel;/opt/ros/noetic
[36m--[0m Found PythonInterp: /usr/bin/python3 (found suitable version "3.8.10", minimum required is "3")
[36m--[0m Using PYTHON_EXECUTABLE: /usr/bin/python3
[36m--[0m Using Debian Python package layout
[36m--[0m Using empy: /usr/lib/python3/dist-packages/em.py
[36m--[0m Using CATKIN_ENABLE_TESTING: ON
[36m--[0m Call enable_testing()
[36m--[0m Using CATKIN_TEST_RESULTS_DIR: /root/catkin_ws/build/mavros/test_results
[36m--[0m Forcing gtest/gmock from source, though one was otherwise available.
[36m--[0m Found gtest sources under '/usr/src/googletest': gtests will be built
[36m--[0m Found gmock sources under '/usr/src/googletest': gmock will be built
[36m--[0m Found PythonInterp: /usr/bin/python3 (found version "3.8.10")
[36m--[0m Using Python nosetests: /usr/bin/nosetests3
[36m--[0m catkin 0.8.10
[36m--[0m BUILD_SHARED_LIBS is on
[36m--[0m Could NOT find diagnostic_updater (missing: diagnostic_updater_DIR)
[36m--[0m Could not find the required component 'diagnostic_updater'. The following CMake error indicates that you either need to install the package with the same name or change your environment so that it can be found.
[31m[1mCMake Error[0m at /opt/ros/noetic/share/catkin/cmake/catkinConfig.cmake:83 (find_package):
  Could not find a package configuration file provided by
  "diagnostic_updater" with any of the following names:

    diagnostic_updaterConfig.cmake
    diagnostic_updater-config.cmake

  Add the installation prefix of "diagnostic_updater" to CMAKE_PREFIX_PATH or
  set "diagnostic_updater_DIR" to a directory containing one of the above
  files.  If "diagnostic_updater" provides a separate development package or
  SDK, be sure it has been installed.
[36mCall Stack (most recent call first):[0m
  CMakeLists.txt:7 (find_package)


[36m--[0m Configuring incomplete, errors occurred!
See also "/root/catkin_ws/build/mavros/CMakeFiles/CMakeOutput.log".
See also "/root/catkin_ws/build/mavros/CMakeFiles/CMakeError.log".
