CMake Warning (dev) at CMakeLists.txt:2 (project):
  Policy CMP0048 is not set: project() command manages VERSION variables.
  Run "cmake --help-policy CMP0048" for policy details.  Use the cmake_policy
  command to set the policy and suppress this warning.

  The following variable(s) would be set to empty:

    CMAKE_PROJECT_VERSION
    CMAKE_PROJECT_VERSION_MAJOR
    CMAKE_PROJECT_VERSION_MINOR
    CMAKE_PROJECT_VERSION_PATCH
This warning is for project developers.  Use -Wno-dev to suppress it.

[31m[1mCMake Error[0m at /opt/ros/noetic/share/catkin/cmake/catkinConfig.cmake:83 (find_package):
  Could not find a package configuration file provided by
  "diagnostic_updater" with any of the following names:

    diagnostic_updaterConfig.cmake
    diagnostic_updater-config.cmake

  Add the installation prefix of "diagnostic_updater" to CMAKE_PREFIX_PATH or
  set "diagnostic_updater_DIR" to a directory containing one of the above
  files.  If "diagnostic_updater" provides a separate development package or
  SDK, be sure it has been installed.
[36mCall Stack (most recent call first):[0m
  CMakeLists.txt:7 (find_package)


